
Showing logs for build [32mcb-kubecd-bdd-spring-1593172014-sw27m-1[0m stage [32mfrom-build-pack[0m and container [32mstep-credential-initializer-zk6ff[0m
{"level":"info","ts":1593172135.4121969,"logger":"fallback-logger","caller":"logging/config.go:69","msg":"Fetch GitHub commit ID from kodata failed: open /var/run/ko/refs/heads/0.8.0-ns-support: no such file or directory"}
{"level":"info","ts":1593172135.4125113,"logger":"fallback-logger","caller":"creds-init/main.go:40","msg":"Credentials initialized."}

Showing logs for build [32mcb-kubecd-bdd-spring-1593172014-sw27m-1[0m stage [32mfrom-build-pack[0m and container [32mstep-working-dir-initializer-xvz4g[0m
{"level":"info","ts":1593172135.7977612,"logger":"fallback-logger","caller":"logging/config.go:69","msg":"Fetch GitHub commit ID from kodata failed: open /var/run/ko/HEAD: no such file or directory"}
{"level":"info","ts":1593172135.7984762,"logger":"fallback-logger","caller":"bash/main.go:64","msg":"Successfully executed command \"sh -c mkdir -p /workspace/source\"; output "}

Showing logs for build [32mcb-kubecd-bdd-spring-1593172014-sw27m-1[0m stage [32mfrom-build-pack[0m and container [32mstep-place-tools[0m

Showing logs for build [32mcb-kubecd-bdd-spring-1593172014-sw27m-1[0m stage [32mfrom-build-pack[0m and container [32mstep-git-source-cb-kubecd-bdd-spring-1593172014-sw27m-vntfk[0m
{"level":"info","ts":1593172153.9878197,"logger":"fallback-logger","caller":"logging/config.go:69","msg":"Fetch GitHub commit ID from kodata failed: open /var/run/ko/refs/heads/0.8.0-ns-support: no such file or directory"}
{"level":"info","ts":1593172154.2098641,"logger":"fallback-logger","caller":"git/git.go:103","msg":"Successfully cloned https://github.com/cb-kubecd/bdd-spring-1593172014.git @ v0.0.1 in path /workspace/source"}

Showing logs for build [32mcb-kubecd-bdd-spring-1593172014-sw27m-1[0m stage [32mfrom-build-pack[0m and container [32mstep-git-merge[0m
Using SHAs from PULL_REFS=master:8c50d03b705719549ed19a8c7f45f97c1e332af0
WARNING: no SHAs to merge, falling back to initial cloned commit

Showing logs for build [32mcb-kubecd-bdd-spring-1593172014-sw27m-1[0m stage [32mfrom-build-pack[0m and container [32mstep-setup-jx-git-credentials[0m
Generated Git credentials file /workspace/xdg_config/git/credentials

Showing logs for build [32mcb-kubecd-bdd-spring-1593172014-sw27m-1[0m stage [32mfrom-build-pack[0m and container [32mstep-build-mvn-deploy[0m
Picked up _JAVA_OPTIONS: -XX:+UnlockExperimentalVMOptions -XX:+UseCGroupMemoryLimitForHeap -Dsun.zip.disableMemoryMapping=true -XX:+UseParallelGC -XX:MinHeapFreeRatio=5 -XX:MaxHeapFreeRatio=10 -XX:GCTimeRatio=4 -XX:AdaptiveSizePolicyWeight=90 -Xms10m -Xmx192m
OpenJDK 64-Bit Server VM warning: If the number of processors is expected to increase from one, then you should configure the number of parallel GC threads appropriately using -XX:ParallelGCThreads=N
[INFO] Scanning for projects...
[INFO] 
[INFO] -----------------< com.example:bdd-spring-1593172014 >------------------
[INFO] Building demo 0.0.1
[INFO] --------------------------------[ jar ]---------------------------------
[INFO] 
[INFO] --- maven-clean-plugin:3.1.0:clean (default-clean) @ bdd-spring-1593172014 ---
[INFO] 
[INFO] --- maven-resources-plugin:3.1.0:resources (default-resources) @ bdd-spring-1593172014 ---
[INFO] Using 'UTF-8' encoding to copy filtered resources.
[INFO] Copying 1 resource
[INFO] Copying 0 resource
[INFO] 
[INFO] --- maven-compiler-plugin:3.8.1:compile (default-compile) @ bdd-spring-1593172014 ---
[INFO] Changes detected - recompiling the module!
[INFO] Compiling 1 source file to /workspace/source/target/classes
[INFO] 
[INFO] --- maven-resources-plugin:3.1.0:testResources (default-testResources) @ bdd-spring-1593172014 ---
[INFO] Using 'UTF-8' encoding to copy filtered resources.
[INFO] skip non existing resourceDirectory /workspace/source/src/test/resources
[INFO] 
[INFO] --- maven-compiler-plugin:3.8.1:testCompile (default-testCompile) @ bdd-spring-1593172014 ---
[INFO] Changes detected - recompiling the module!
[INFO] Compiling 1 source file to /workspace/source/target/test-classes
[INFO] 
[INFO] --- maven-surefire-plugin:3.0.0-M1:test (default-test) @ bdd-spring-1593172014 ---
[INFO] 
[INFO] -------------------------------------------------------
[INFO]  T E S T S
[INFO] -------------------------------------------------------
[INFO] Running com.example.bddspring1593172014.DemoApplicationTests
11:50:00.839 [main] DEBUG org.springframework.test.context.BootstrapUtils - Instantiating CacheAwareContextLoaderDelegate from class [org.springframework.test.context.cache.DefaultCacheAwareContextLoaderDelegate]
11:50:00.912 [main] DEBUG org.springframework.test.context.BootstrapUtils - Instantiating BootstrapContext using constructor [public org.springframework.test.context.support.DefaultBootstrapContext(java.lang.Class,org.springframework.test.context.CacheAwareContextLoaderDelegate)]
11:50:00.946 [main] DEBUG org.springframework.test.context.BootstrapUtils - Instantiating TestContextBootstrapper for test class [com.example.bddspring1593172014.DemoApplicationTests] from class [org.springframework.boot.test.context.SpringBootTestContextBootstrapper]
11:50:01.017 [main] INFO org.springframework.boot.test.context.SpringBootTestContextBootstrapper - Neither @ContextConfiguration nor @ContextHierarchy found for test class [com.example.bddspring1593172014.DemoApplicationTests], using SpringBootContextLoader
11:50:01.021 [main] DEBUG org.springframework.test.context.support.AbstractContextLoader - Did not detect default resource location for test class [com.example.bddspring1593172014.DemoApplicationTests]: class path resource [com/example/bddspring1593172014/DemoApplicationTests-context.xml] does not exist
11:50:01.022 [main] DEBUG org.springframework.test.context.support.AbstractContextLoader - Did not detect default resource location for test class [com.example.bddspring1593172014.DemoApplicationTests]: class path resource [com/example/bddspring1593172014/DemoApplicationTestsContext.groovy] does not exist
11:50:01.022 [main] INFO org.springframework.test.context.support.AbstractContextLoader - Could not detect default resource locations for test class [com.example.bddspring1593172014.DemoApplicationTests]: no resource found for suffixes {-context.xml, Context.groovy}.
11:50:01.023 [main] INFO org.springframework.test.context.support.AnnotationConfigContextLoaderUtils - Could not detect default configuration classes for test class [com.example.bddspring1593172014.DemoApplicationTests]: DemoApplicationTests does not declare any static, non-private, non-final, nested classes annotated with @Configuration.
11:50:01.136 [main] DEBUG org.springframework.test.context.support.ActiveProfilesUtils - Could not find an 'annotation declaring class' for annotation type [org.springframework.test.context.ActiveProfiles] and class [com.example.bddspring1593172014.DemoApplicationTests]
11:50:01.321 [main] DEBUG org.springframework.context.annotation.ClassPathScanningCandidateComponentProvider - Identified candidate component class: file [/workspace/source/target/classes/com/example/bddspring1593172014/DemoApplication.class]
11:50:01.322 [main] INFO org.springframework.boot.test.context.SpringBootTestContextBootstrapper - Found @SpringBootConfiguration com.example.bddspring1593172014.DemoApplication for test class com.example.bddspring1593172014.DemoApplicationTests
11:50:01.515 [main] DEBUG org.springframework.boot.test.context.SpringBootTestContextBootstrapper - @TestExecutionListeners is not present for class [com.example.bddspring1593172014.DemoApplicationTests]: using defaults.
11:50:01.516 [main] INFO org.springframework.boot.test.context.SpringBootTestContextBootstrapper - Loaded default TestExecutionListener class names from location [META-INF/spring.factories]: [org.springframework.boot.test.mock.mockito.MockitoTestExecutionListener, org.springframework.boot.test.mock.mockito.ResetMocksTestExecutionListener, org.springframework.boot.test.autoconfigure.restdocs.RestDocsTestExecutionListener, org.springframework.boot.test.autoconfigure.web.client.MockRestServiceServerResetTestExecutionListener, org.springframework.boot.test.autoconfigure.web.servlet.MockMvcPrintOnlyOnFailureTestExecutionListener, org.springframework.boot.test.autoconfigure.web.servlet.WebDriverTestExecutionListener, org.springframework.boot.test.autoconfigure.webservices.client.MockWebServiceServerTestExecutionListener, org.springframework.test.context.web.ServletTestExecutionListener, org.springframework.test.context.support.DirtiesContextBeforeModesTestExecutionListener, org.springframework.test.context.support.DependencyInjectionTestExecutionListener, org.springframework.test.context.support.DirtiesContextTestExecutionListener, org.springframework.test.context.transaction.TransactionalTestExecutionListener, org.springframework.test.context.jdbc.SqlScriptsTestExecutionListener, org.springframework.test.context.event.EventPublishingTestExecutionListener]
11:50:01.528 [main] DEBUG org.springframework.boot.test.context.SpringBootTestContextBootstrapper - Skipping candidate TestExecutionListener [org.springframework.test.context.transaction.TransactionalTestExecutionListener] due to a missing dependency. Specify custom listener classes or make the default listener classes and their required dependencies available. Offending class: [org/springframework/transaction/TransactionDefinition]
11:50:01.529 [main] DEBUG org.springframework.boot.test.context.SpringBootTestContextBootstrapper - Skipping candidate TestExecutionListener [org.springframework.test.context.jdbc.SqlScriptsTestExecutionListener] due to a missing dependency. Specify custom listener classes or make the default listener classes and their required dependencies available. Offending class: [org/springframework/transaction/interceptor/TransactionAttribute]
11:50:01.530 [main] INFO org.springframework.boot.test.context.SpringBootTestContextBootstrapper - Using TestExecutionListeners: [org.springframework.test.context.web.ServletTestExecutionListener@28f2a10f, org.springframework.test.context.support.DirtiesContextBeforeModesTestExecutionListener@f736069, org.springframework.boot.test.mock.mockito.MockitoTestExecutionListener@6da21078, org.springframework.boot.test.autoconfigure.SpringBootDependencyInjectionTestExecutionListener@7fee8714, org.springframework.test.context.support.DirtiesContextTestExecutionListener@4229bb3f, org.springframework.test.context.event.EventPublishingTestExecutionListener@56cdfb3b, org.springframework.boot.test.mock.mockito.ResetMocksTestExecutionListener@2b91004a, org.springframework.boot.test.autoconfigure.restdocs.RestDocsTestExecutionListener@20ccf40b, org.springframework.boot.test.autoconfigure.web.client.MockRestServiceServerResetTestExecutionListener@2fb3536e, org.springframework.boot.test.autoconfigure.web.servlet.MockMvcPrintOnlyOnFailureTestExecutionListener@169e6180, org.springframework.boot.test.autoconfigure.web.servlet.WebDriverTestExecutionListener@35aea049, org.springframework.boot.test.autoconfigure.webservices.client.MockWebServiceServerTestExecutionListener@7205765b]
11:50:01.533 [main] DEBUG org.springframework.test.context.support.AbstractDirtiesContextTestExecutionListener - Before test class: context [DefaultTestContext@1e04fa0a testClass = DemoApplicationTests, testInstance = [null], testMethod = [null], testException = [null], mergedContextConfiguration = [WebMergedContextConfiguration@1af2d44a testClass = DemoApplicationTests, locations = '{}', classes = '{class com.example.bddspring1593172014.DemoApplication}', contextInitializerClasses = '[]', activeProfiles = '{}', propertySourceLocations = '{}', propertySourceProperties = '{org.springframework.boot.test.context.SpringBootTestContextBootstrapper=true}', contextCustomizers = set[org.springframework.boot.test.context.filter.ExcludeFilterContextCustomizer@2ddc8ecb, org.springframework.boot.test.json.DuplicateJsonObjectContextCustomizerFactory$DuplicateJsonObjectContextCustomizer@33afa13b, org.springframework.boot.test.mock.mockito.MockitoContextCustomizer@0, org.springframework.boot.test.web.client.TestRestTemplateContextCustomizer@5dd6264, org.springframework.boot.test.autoconfigure.properties.PropertyMappingContextCustomizer@0, org.springframework.boot.test.autoconfigure.web.servlet.WebDriverContextCustomizerFactory$Customizer@7c0c77c7, org.springframework.boot.test.context.SpringBootTestArgs@1], resourceBasePath = 'src/main/webapp', contextLoader = 'org.springframework.boot.test.context.SpringBootContextLoader', parent = [null]], attributes = map['org.springframework.test.context.web.ServletTestExecutionListener.activateListener' -> true]], class annotated with @DirtiesContext [false] with mode [null].
11:50:01.611 [main] DEBUG org.springframework.test.context.support.TestPropertySourceUtils - Adding inlined properties to environment: {spring.jmx.enabled=false, org.springframework.boot.test.context.SpringBootTestContextBootstrapper=true}

  .   ____          _            __ _ _
 /\\ / ___'_ __ _ _(_)_ __  __ _ \ \ \ \
( ( )\___ | '_ | '_| | '_ \/ _` | \ \ \ \
 \\/  ___)| |_)| | | | | || (_| |  ) ) ) )
  '  |____| .__|_| |_|_| |_\__, | / / / /
 =========|_|==============|___/=/_/_/_/
 :: Spring Boot ::        (v2.3.1.RELEASE)

2020-06-26 11:50:02.043  INFO 70 --- [           main] c.e.b.DemoApplicationTests               : Starting DemoApplicationTests on cb-kubecd-bdd-spring-1593172014-sw27m-1-from-build-pack-7hzdf-p with PID 70 (started by root in /workspace/source)
2020-06-26 11:50:02.044  INFO 70 --- [           main] c.e.b.DemoApplicationTests               : No active profile set, falling back to default profiles: default
2020-06-26 11:50:06.517  INFO 70 --- [           main] o.s.s.concurrent.ThreadPoolTaskExecutor  : Initializing ExecutorService 'applicationTaskExecutor'
2020-06-26 11:50:07.434  INFO 70 --- [           main] o.s.b.a.e.web.EndpointLinksResolver      : Exposing 2 endpoint(s) beneath base path '/actuator'
2020-06-26 11:50:07.927  INFO 70 --- [           main] c.e.b.DemoApplicationTests               : Started DemoApplicationTests in 6.307 seconds (JVM running for 8.294)
[INFO] Tests run: 1, Failures: 0, Errors: 0, Skipped: 0, Time elapsed: 7.403 s - in com.example.bddspring1593172014.DemoApplicationTests
2020-06-26 11:50:08.510  INFO 70 --- [extShutdownHook] o.s.s.concurrent.ThreadPoolTaskExecutor  : Shutting down ExecutorService 'applicationTaskExecutor'
[INFO] 
[INFO] Results:
[INFO] 
[INFO] Tests run: 1, Failures: 0, Errors: 0, Skipped: 0
[INFO] 
[INFO] 
[INFO] --- maven-jar-plugin:3.2.0:jar (default-jar) @ bdd-spring-1593172014 ---
[INFO] Building jar: /workspace/source/target/bdd-spring-1593172014-0.0.1.jar
[INFO] 
[INFO] --- spring-boot-maven-plugin:2.3.1.RELEASE:repackage (repackage) @ bdd-spring-1593172014 ---
[INFO] Replacing main artifact with repackaged archive
[INFO] 
[INFO] --- maven-install-plugin:2.5.2:install (default-install) @ bdd-spring-1593172014 ---
[INFO] Installing /workspace/source/target/bdd-spring-1593172014-0.0.1.jar to /home/jenkins/.mvnrepository/com/example/bdd-spring-1593172014/0.0.1/bdd-spring-1593172014-0.0.1.jar
[INFO] Installing /workspace/source/pom.xml to /home/jenkins/.mvnrepository/com/example/bdd-spring-1593172014/0.0.1/bdd-spring-1593172014-0.0.1.pom
[INFO] 
[INFO] --- maven-deploy-plugin:2.8.2:deploy (default-deploy) @ bdd-spring-1593172014 ---
[INFO] Using alternate deployment repository local-nexus::default::http://nexus/repository/maven-releases/
[INFO] ------------------------------------------------------------------------
[INFO] BUILD SUCCESS
[INFO] ------------------------------------------------------------------------
[INFO] Total time:  31.395 s
[INFO] Finished at: 2020-06-26T11:50:14Z
[INFO] ------------------------------------------------------------------------

Showing logs for build [32mcb-kubecd-bdd-spring-1593172014-sw27m-1[0m stage [32mfrom-build-pack[0m and container [32mstep-build-skaffold-version[0m
v1.0.1

Showing logs for build [32mcb-kubecd-bdd-spring-1593172014-sw27m-1[0m stage [32mfrom-build-pack[0m and container [32mstep-build-container-build[0m
[36mINFO[0m[0000] Using dockerignore file: /workspace/source/.dockerignore 
[36mINFO[0m[0000] Retrieving image manifest openjdk:8-jdk-slim 
[36mINFO[0m[0001] Retrieving image manifest openjdk:8-jdk-slim 
[36mINFO[0m[0002] Built cross stage deps: map[]                
[36mINFO[0m[0002] Retrieving image manifest openjdk:8-jdk-slim 
[36mINFO[0m[0002] Retrieving image manifest openjdk:8-jdk-slim 
[36mINFO[0m[0002] Executing 0 build triggers                   
[36mINFO[0m[0002] cmd: EXPOSE                                  
[36mINFO[0m[0002] Adding exposed port: 8080/tcp                
[36mINFO[0m[0002] Resolving srcs [pom.xml target/lib*]...      
[36mINFO[0m[0002] Checking for cached layer 296178596335.dkr.ecr.us-east-1.amazonaws.com/todo/cache:17ea1e66a353c3172ed10e621ddbb40bcb0f29a3483bed8ec36b76648f3b6e40... 
[36mINFO[0m[0002] No cached layer found for cmd COPY pom.xml target/lib* /opt/lib/ 
[36mINFO[0m[0002] Resolving srcs [target/*.jar]...             
[36mINFO[0m[0002] Unpacking rootfs as cmd COPY pom.xml target/lib* /opt/lib/ requires it. 
[36mINFO[0m[0008] ENV PORT 8080                                
[36mINFO[0m[0008] No files changed in this command, skipping snapshotting. 
[36mINFO[0m[0008] ENV CLASSPATH /opt/lib                       
[36mINFO[0m[0008] No files changed in this command, skipping snapshotting. 
[36mINFO[0m[0008] EXPOSE 8080                                  
[36mINFO[0m[0008] cmd: EXPOSE                                  
[36mINFO[0m[0008] Adding exposed port: 8080/tcp                
[36mINFO[0m[0008] No files changed in this command, skipping snapshotting. 
[36mINFO[0m[0008] Resolving srcs [pom.xml target/lib*]...      
[36mINFO[0m[0008] COPY pom.xml target/lib* /opt/lib/           
[36mINFO[0m[0008] Resolving srcs [pom.xml target/lib*]...      
[36mINFO[0m[0008] Resolving 1 paths                            
[36mINFO[0m[0008] Taking snapshot of files...                  
[36mINFO[0m[0008] Pushing layer 296178596335.dkr.ecr.us-east-1.amazonaws.com/todo/cache:17ea1e66a353c3172ed10e621ddbb40bcb0f29a3483bed8ec36b76648f3b6e40 to cache now 
[36mINFO[0m[0008] Resolving srcs [target/*.jar]...             
[36mINFO[0m[0008] COPY target/*.jar /opt/app.jar               
[36mINFO[0m[0008] Resolving srcs [target/*.jar]...             
[36mINFO[0m[0008] Resolving 1 paths                            
[36mINFO[0m[0008] Taking snapshot of files...                  
[36mINFO[0m[0008] Pushing layer 296178596335.dkr.ecr.us-east-1.amazonaws.com/todo/cache:12f0e9c318f8c8e1afad1efff6f6f25488fdfb630c7529f50dec095278fde80c to cache now 
[36mINFO[0m[0008] WORKDIR /opt                                 
[36mINFO[0m[0008] cmd: workdir                                 
[36mINFO[0m[0008] Changed working directory to /opt            
[36mINFO[0m[0008] No files changed in this command, skipping snapshotting. 
[36mINFO[0m[0008] CMD ["java", "-XX:+UnlockExperimentalVMOptions", "-XX:+UseCGroupMemoryLimitForHeap", "-jar", "app.jar"] 
[36mINFO[0m[0008] No files changed in this command, skipping snapshotting. 
[33mWARN[0m[0009] error uploading layer to cache: failed to push to destination 296178596335.dkr.ecr.us-east-1.amazonaws.com/todo/cache:17ea1e66a353c3172ed10e621ddbb40bcb0f29a3483bed8ec36b76648f3b6e40: POST https://296178596335.dkr.ecr.us-east-1.amazonaws.com/v2/todo/cache/blobs/uploads/: NAME_UNKNOWN: The repository with name 'todo/cache' does not exist in the registry with id '296178596335' 

Showing logs for build [32mcb-kubecd-bdd-spring-1593172014-sw27m-1[0m stage [32mfrom-build-pack[0m and container [32mstep-build-post-build[0m
no CVE provider running in the current ** namespace so skip adding image to be analysed

Showing logs for build [32mcb-kubecd-bdd-spring-1593172014-sw27m-1[0m stage [32mfrom-build-pack[0m and container [32mstep-promote-changelog[0m
Converted /workspace/source/charts/bdd-spring-1593172014 to an unshallow repository
Generating change log from git ref 1917884b44a4ff9d06f4879931ed6286e49bbae3 => b290feab2c1b7c8b61d86a8add92e7599f99e82c
Associating user x-0 in users.jenkins.io with email c**d-bot@cloudbees.com to git GitProvider user with login -0 as emails match
Adding label jenkins.io/git-github-userid=-0 to user x-0 in users.jenkins.io
WARNING: Failed to enrich commit 8c50d03b705719549ed19a8c7f45f97c1e332af0 with issues: User.jenkins.io "x-0" is invalid: metadata.labels: Invalid value: "-0": a valid label must be an empty string or consist of alphanumeric characters, '-', '_' or '.', and must start and end with an alphanumeric character (e.g. 'MyValue',  or 'my_value',  or '12345', regex used for validation is '(([A-Za-z0-9][-A-Za-z0-9_.]*)?[A-Za-z0-9])?')
Finding issues in commit messages using git format
Associating user x-0 in users.jenkins.io with email c**d-bot@cloudbees.com to git GitProvider user with login -0 as emails match
Adding label jenkins.io/git-github-userid=-0 to user x-0 in users.jenkins.io
WARNING: Failed to enrich commit dd91a54a91b464ff6c9b5d12b60565a44ffd2bbd with issues: User.jenkins.io "x-0" is invalid: metadata.labels: Invalid value: "-0": a valid label must be an empty string or consist of alphanumeric characters, '-', '_' or '.', and must start and end with an alphanumeric character (e.g. 'MyValue',  or 'my_value',  or '12345', regex used for validation is '(([A-Za-z0-9][-A-Za-z0-9_.]*)?[A-Za-z0-9])?')
Associating user x-0 in users.jenkins.io with email c**d-bot@cloudbees.com to git GitProvider user with login -0 as emails match
Adding label jenkins.io/git-github-userid=-0 to user x-0 in users.jenkins.io
WARNING: Failed to enrich commit dd91a54a91b464ff6c9b5d12b60565a44ffd2bbd with issues: User.jenkins.io "x-0" is invalid: metadata.labels: Invalid value: "-0": a valid label must be an empty string or consist of alphanumeric characters, '-', '_' or '.', and must start and end with an alphanumeric character (e.g. 'MyValue',  or 'my_value',  or '12345', regex used for validation is '(([A-Za-z0-9][-A-Za-z0-9_.]*)?[A-Za-z0-9])?')
WARNING: No release found for cb-kubecd/bdd-spring-1593172014 and tag v0.0.1 so creating a new release
Updated the release information at https://github.com/cb-kubecd/bdd-spring-1593172014/releases/tag/v0.0.1
generated: /workspace/source/charts/bdd-spring-1593172014/templates/release.yaml
Created Release bdd-spring-1593172014-0-0-1 resource in namespace **
Updating PipelineActivity cb-kubecd-bdd-spring-1593172014-master-1 with version 0.0.1
Updated PipelineActivities cb-kubecd-bdd-spring-1593172014-master-1 with release notes URL: https://github.com/cb-kubecd/bdd-spring-1593172014/releases/tag/v0.0.1

Showing logs for build [32mcb-kubecd-bdd-spring-1593172014-sw27m-1[0m stage [32mfrom-build-pack[0m and container [32mstep-promote-helm-release[0m
WARNING: No $CHART_REPOSITORY defined so using the default value of: http://jenkins-x-chartmuseum:8080
Adding missing Helm repo: storage.googleapis.com https://storage.googleapis.com/chartmuseum.jenkins-x.io
WARNING: No secrets found on "helm/repos" due: reading the secret "helm/repos" from vault: no secret "helm/repos" not found in vault
Read credentials for https://storage.googleapis.com/chartmuseum.jenkins-x.io from vault helm/repos
Successfully added Helm repository storage.googleapis.com.
Adding missing Helm repo: jenkins-x-chartmuseum http://jenkins-x-chartmuseum:8080
WARNING: No secrets found on "helm/repos" due: reading the secret "helm/repos" from vault: no secret "helm/repos" not found in vault
Read credentials for http://jenkins-x-chartmuseum:8080 from vault helm/repos
Successfully added Helm repository jenkins-x-chartmuseum.
WARNING: No $CHART_REPOSITORY defined so using the default value of: http://jenkins-x-chartmuseum:8080
Uploading chart file bdd-spring-1593172014-0.0.1.tgz to http://jenkins-x-chartmuseum:8080/api/charts
Received 201 response: {"saved":true}

Showing logs for build [32mcb-kubecd-bdd-spring-1593172014-sw27m-1[0m stage [32mfrom-build-pack[0m and container [32mstep-promote-jx-promote[0m
WARNING: prow based install so skip waiting for the merge of Pull Requests to go green as currently there is an issue with gettingstatuses from the PR, see https://github.com/jenkins-x/**/issues/2410
WARNING: No $CHART_REPOSITORY defined so using the default value of: http://jenkins-x-chartmuseum:8080
Promoting app bdd-spring-1593172014 version 0.0.1 to namespace **-staging
Waiting for KV secrets engine to be configured...
WARNING: Waiting for the fork of *************/environment-pr-244-3-boot-eks-staging to appear...
Forked Git repository to https://github.com/c**d-bot-test/environment-pr-244-3-boot-eks-staging
Created Pull Request: https://github.com/cb-kubecd/environment-pr-244-3-boot-eks-staging/pull/1
Added label updatebot to Pull Request https://github.com/cb-kubecd/environment-pr-244-3-boot-eks-staging/pull/1
got git provider status pending from PR https://github.com/cb-kubecd/environment-pr-244-3-boot-eks-staging/pull/1
Pull Request https://github.com/cb-kubecd/environment-pr-244-3-boot-eks-staging/pull/1 is merged at sha 0bf58cf1aa5df48fffd32e483a153d0a249dccf6
Pull Request merged but we are not waiting for the update pipeline to complete!
WARNING: Could not find the service URL in namespace **-staging for names bdd-spring-1593172014, **-bdd-spring-1593172014, **-staging-bdd-spring-1593172014
